<?xml version="1.0" encoding="UTF-8"?>
<!-- Generated by org.testng.reporters.JUnitReportReporter -->
<testsuite skipped="0" hostname="DESKTOP-C4O7IPQ" name="TestCases.LoginPageTest" tests="4" failures="0" timestamp="2023-01-05T17:57:00 IST" time="22.579" errors="0">
  <testcase name="verifyLableOfInventoryTest" time="6.894" classname="TestCases.LoginPageTest"/>
  <testcase name="verifyTitleTest" time="4.209" classname="TestCases.LoginPageTest"/>
  <testcase name="loginToAppTest" time="4.903" classname="TestCases.LoginPageTest"/>
  <testcase name="verifyCurrentUrlTest" time="6.573" classname="TestCases.LoginPageTest"/>
</testsuite> <!-- TestCases.LoginPageTest -->
