<?xml version="1.0" encoding="UTF-8"?>
<!-- Generated by org.testng.reporters.JUnitReportReporter -->
<testsuite skipped="0" hostname="DESKTOP-C4O7IPQ" name="TestCases.GroupTest" tests="2" failures="0" timestamp="2023-01-09T17:30:11 IST" time="15.744" errors="0">
  <testcase name="verifyTitleTest1" time="6.416" classname="TestCases.GroupTest"/>
  <testcase name="verifyTitleTest3" time="9.328" classname="TestCases.GroupTest"/>
</testsuite> <!-- TestCases.GroupTest -->
