<?xml version="1.0" encoding="UTF-8"?>
<!-- Generated by org.testng.reporters.JUnitReportReporter -->
<testsuite skipped="7" hostname="DESKTOP-C4O7IPQ" name="TestCases.InventoryPageTest" tests="8" failures="0" timestamp="2023-01-05T01:07:03 IST" time="15.774" errors="0">
  <testcase name="addProductTest" time="15.774" classname="TestCases.InventoryPageTest"/>
  <testcase name="verifyReactBurgerMenuButtonTest" classname="TestCases.InventoryPageTest">
    <skipped/>
  </testcase> <!-- verifyReactBurgerMenuButtonTest -->
  <testcase name="verifyProductLableTest" classname="TestCases.InventoryPageTest">
    <skipped/>
  </testcase> <!-- verifyProductLableTest -->
  <testcase name="verifySwagLabsLogoTest" classname="TestCases.InventoryPageTest">
    <skipped/>
  </testcase> <!-- verifySwagLabsLogoTest -->
  <testcase name="verifyPeekLogoTest" classname="TestCases.InventoryPageTest">
    <skipped/>
  </testcase> <!-- verifyPeekLogoTest -->
  <testcase name="verifySwagBotTest" classname="TestCases.InventoryPageTest">
    <skipped/>
  </testcase> <!-- verifySwagBotTest -->
  <testcase name="verifyUrlTest" classname="TestCases.InventoryPageTest">
    <skipped/>
  </testcase> <!-- verifyUrlTest -->
  <testcase name="verifyTitleTest" classname="TestCases.InventoryPageTest">
    <skipped/>
  </testcase> <!-- verifyTitleTest -->
</testsuite> <!-- TestCases.InventoryPageTest -->
